{
  "stats": {
    "suites": 4,
    "tests": 3,
    "passes": 3,
    "pending": 0,
    "failures": 0,
    "start": "2024-05-26T04:44:45.018Z",
    "end": "2024-05-26T04:44:46.799Z",
    "duration": 1781,
    "testsRegistered": 3,
    "passPercent": 100,
    "pendingPercent": 0,
    "other": 0,
    "hasOther": false,
    "skipped": 0,
    "hasSkipped": false
  },
  "results": [
    {
      "uuid": "63b11001-df60-4862-8356-06cdfd5a2f42",
      "title": "",
      "fullFile": "F:\\vivek\\youtube-subscriber\\__tests__\\subscriber.test.js",
      "file": "\\__tests__\\subscriber.test.js",
      "beforeHooks": [
        {
          "title": "\"before all\" hook in \"{root}\"",
          "fullTitle": "\"before all\" hook in \"{root}\"",
          "timedOut": false,
          "duration": 1014,
          "state": null,
          "speed": null,
          "pass": false,
          "fail": false,
          "pending": false,
          "context": null,
          "code": "// Wait 1 second for the database to connect successfully\nsetTimeout(done, 1000);",
          "err": {},
          "uuid": "11e54104-9a61-4955-a209-3176f3be61b6",
          "parentUUID": "63b11001-df60-4862-8356-06cdfd5a2f42",
          "isHook": true,
          "skipped": false
        }
      ],
      "afterHooks": [
        {
          "title": "\"after all\" hook in \"{root}\"",
          "fullTitle": "\"after all\" hook in \"{root}\"",
          "timedOut": false,
          "duration": 11,
          "state": null,
          "speed": null,
          "pass": false,
          "fail": false,
          "pending": false,
          "context": null,
          "code": "await mongoose.connection.close();",
          "err": {},
          "uuid": "d54907db-bce2-4736-904e-f83738df28fe",
          "parentUUID": "63b11001-df60-4862-8356-06cdfd5a2f42",
          "isHook": true,
          "skipped": false
        }
      ],
      "tests": [],
      "suites": [
        {
          "uuid": "17ce1123-8b7d-4525-bcbc-ad9907fb6262",
          "title": "Subscribers API Tests",
          "fullFile": "F:\\vivek\\youtube-subscriber\\__tests__\\subscriber.test.js",
          "file": "\\__tests__\\subscriber.test.js",
          "beforeHooks": [],
          "afterHooks": [],
          "tests": [],
          "suites": [
            {
              "uuid": "28291a94-f3ca-40d1-8bdb-decb291d2484",
              "title": "GET /subscribers",
              "fullFile": "F:\\vivek\\youtube-subscriber\\__tests__\\subscriber.test.js",
              "file": "\\__tests__\\subscriber.test.js",
              "beforeHooks": [],
              "afterHooks": [],
              "tests": [
                {
                  "title": "should return all subscribers",
                  "fullTitle": "Subscribers API Tests GET /subscribers should return all subscribers",
                  "timedOut": false,
                  "duration": 607,
                  "state": "passed",
                  "speed": "slow",
                  "pass": true,
                  "fail": false,
                  "pending": false,
                  "context": null,
                  "code": "const res = await chai.request(app).get(\"/subscribers\");\nexpect(res).to.have.status(200);\nexpect(res.body).to.be.an(\"array\");\nexpect(res.body).to.have.lengthOf.at.least(1);\nexpect(res.body[0]).to.have.property(\"_id\").that.is.a(\"string\");\nexpect(res.body[0]).to.have.property(\"name\").that.is.a(\"string\");\nexpect(res.body[0])\n  .to.have.property(\"subscribedChannel\")\n  .that.is.a(\"string\");\nexpect(res.body[0])\n  .to.have.property(\"subscribedDate\")\n  .that.is.a(\"string\")\n  .and.matches(/\\d{4}-\\d{2}-\\d{2}T\\d{2}:\\d{2}:\\d{2}.\\d{3}Z/);",
                  "err": {},
                  "uuid": "aac2b42b-9b3b-4a74-8269-d4583305e63e",
                  "parentUUID": "28291a94-f3ca-40d1-8bdb-decb291d2484",
                  "isHook": false,
                  "skipped": false
                }
              ],
              "suites": [],
              "passes": [
                "aac2b42b-9b3b-4a74-8269-d4583305e63e"
              ],
              "failures": [],
              "pending": [],
              "skipped": [],
              "duration": 607,
              "root": false,
              "rootEmpty": false,
              "_timeout": 60000
            },
            {
              "uuid": "b71eb258-5f54-4aa8-8ec5-1cd4ba55cc1f",
              "title": "GET /subscribers/names",
              "fullFile": "F:\\vivek\\youtube-subscriber\\__tests__\\subscriber.test.js",
              "file": "\\__tests__\\subscriber.test.js",
              "beforeHooks": [],
              "afterHooks": [],
              "tests": [
                {
                  "title": "should return subscriber names and channels",
                  "fullTitle": "Subscribers API Tests GET /subscribers/names should return subscriber names and channels",
                  "timedOut": false,
                  "duration": 26,
                  "state": "passed",
                  "speed": "fast",
                  "pass": true,
                  "fail": false,
                  "pending": false,
                  "context": null,
                  "code": "const res = await chai.request(app).get(\"/subscribers/names\");\nexpect(res).to.have.status(200);\nexpect(res.body).to.be.an(\"array\");\nexpect(res.body).to.have.lengthOf.at.least(1);\nexpect(res.body[0]).to.have.property(\"name\").that.is.a(\"string\");\nexpect(res.body[0])\n  .to.have.property(\"subscribedChannel\")\n  .that.is.a(\"string\");",
                  "err": {},
                  "uuid": "36bbc432-b920-49d8-824f-6ab0f701669f",
                  "parentUUID": "b71eb258-5f54-4aa8-8ec5-1cd4ba55cc1f",
                  "isHook": false,
                  "skipped": false
                }
              ],
              "suites": [],
              "passes": [
                "36bbc432-b920-49d8-824f-6ab0f701669f"
              ],
              "failures": [],
              "pending": [],
              "skipped": [],
              "duration": 26,
              "root": false,
              "rootEmpty": false,
              "_timeout": 60000
            },
            {
              "uuid": "6ab6fa03-e81d-4535-a9b6-e3734a40efa8",
              "title": "GET /subscribers/{id}",
              "fullFile": "F:\\vivek\\youtube-subscriber\\__tests__\\subscriber.test.js",
              "file": "\\__tests__\\subscriber.test.js",
              "beforeHooks": [],
              "afterHooks": [],
              "tests": [
                {
                  "title": "should return a single subscriber by ID",
                  "fullTitle": "Subscribers API Tests GET /subscribers/{id} should return a single subscriber by ID",
                  "timedOut": false,
                  "duration": 17,
                  "state": "passed",
                  "speed": "fast",
                  "pass": true,
                  "fail": false,
                  "pending": false,
                  "context": null,
                  "code": "const subscriberId = \"664d7fcb247d94b0293576cb\";\nconst res = await chai.request(app).get(`/subscribers/${subscriberId}`);\nexpect(res).to.have.status(200);\nexpect(res.body).to.be.an(\"object\");\nexpect(res.body).to.have.property(\"_id\", subscriberId);\nexpect(res.body).to.have.property(\"name\").that.is.a(\"string\");\nexpect(res.body)\n  .to.have.property(\"subscribedChannel\")\n  .that.is.a(\"string\");\nexpect(res.body)\n  .to.have.property(\"subscribedDate\")\n  .that.is.a(\"string\")\n  .and.matches(/\\d{4}-\\d{2}-\\d{2}T\\d{2}:\\d{2}:\\d{2}.\\d{3}Z/);",
                  "err": {},
                  "uuid": "bbb8801f-3cc9-4f64-bf91-978560dd3ae2",
                  "parentUUID": "6ab6fa03-e81d-4535-a9b6-e3734a40efa8",
                  "isHook": false,
                  "skipped": false
                }
              ],
              "suites": [],
              "passes": [
                "bbb8801f-3cc9-4f64-bf91-978560dd3ae2"
              ],
              "failures": [],
              "pending": [],
              "skipped": [],
              "duration": 17,
              "root": false,
              "rootEmpty": false,
              "_timeout": 60000
            }
          ],
          "passes": [],
          "failures": [],
          "pending": [],
          "skipped": [],
          "duration": 0,
          "root": false,
          "rootEmpty": false,
          "_timeout": 60000
        }
      ],
      "passes": [],
      "failures": [],
      "pending": [],
      "skipped": [],
      "duration": 0,
      "root": true,
      "rootEmpty": true,
      "_timeout": 60000
    }
  ],
  "meta": {
    "mocha": {
      "version": "10.4.0"
    },
    "mochawesome": {
      "options": {
        "quiet": false,
        "reportFilename": "mochawesome",
        "saveHtml": true,
        "saveJson": true,
        "consoleReporter": "spec",
        "useInlineDiffs": false,
        "code": true
      },
      "version": "7.1.3"
    },
    "marge": {
      "options": null,
      "version": "6.2.0"
    }
  }
}