{
  "stats": {
    "suites": 4,
    "tests": 3,
    "passes": 3,
    "pending": 0,
    "failures": 0,
    "start": "2024-05-23T15:02:29.293Z",
    "end": "2024-05-23T15:02:30.482Z",
    "duration": 1189,
    "testsRegistered": 3,
    "passPercent": 100,
    "pendingPercent": 0,
    "other": 0,
    "hasOther": false,
    "skipped": 0,
    "hasSkipped": false
  },
  "results": [
    {
      "uuid": "d186cbc4-c522-4500-9f79-96461dd12bf5",
      "title": "",
      "fullFile": "F:\\vivek\\youtube-subscriber\\__tests__\\subscriber.test.js",
      "file": "\\__tests__\\subscriber.test.js",
      "beforeHooks": [
        {
          "title": "\"before all\" hook in \"{root}\"",
          "fullTitle": "\"before all\" hook in \"{root}\"",
          "timedOut": false,
          "duration": 1016,
          "state": null,
          "speed": null,
          "pass": false,
          "fail": false,
          "pending": false,
          "context": null,
          "code": "// Wait 1 second for the database to connect successfully\nsetTimeout(done, 1000);",
          "err": {},
          "uuid": "e9df71dd-ae1b-49b8-82b8-585abf46902a",
          "parentUUID": "d186cbc4-c522-4500-9f79-96461dd12bf5",
          "isHook": true,
          "skipped": false
        }
      ],
      "afterHooks": [
        {
          "title": "\"after all\" hook in \"{root}\"",
          "fullTitle": "\"after all\" hook in \"{root}\"",
          "timedOut": false,
          "duration": 7,
          "state": null,
          "speed": null,
          "pass": false,
          "fail": false,
          "pending": false,
          "context": null,
          "code": "await mongoose.connection.close();",
          "err": {},
          "uuid": "d772b9b6-2fd4-45d3-bf90-5b395755ef0e",
          "parentUUID": "d186cbc4-c522-4500-9f79-96461dd12bf5",
          "isHook": true,
          "skipped": false
        }
      ],
      "tests": [],
      "suites": [
        {
          "uuid": "5f9e3b2c-66c9-4b10-8d18-efa0e504a6ac",
          "title": "Subscribers API Tests",
          "fullFile": "F:\\vivek\\youtube-subscriber\\__tests__\\subscriber.test.js",
          "file": "\\__tests__\\subscriber.test.js",
          "beforeHooks": [],
          "afterHooks": [],
          "tests": [],
          "suites": [
            {
              "uuid": "ad544e68-c62d-4542-85da-c65c96db5f36",
              "title": "GET /subscribers",
              "fullFile": "F:\\vivek\\youtube-subscriber\\__tests__\\subscriber.test.js",
              "file": "\\__tests__\\subscriber.test.js",
              "beforeHooks": [],
              "afterHooks": [],
              "tests": [
                {
                  "title": "should return all subscribers",
                  "fullTitle": "Subscribers API Tests GET /subscribers should return all subscribers",
                  "timedOut": false,
                  "duration": 92,
                  "state": "passed",
                  "speed": "slow",
                  "pass": true,
                  "fail": false,
                  "pending": false,
                  "context": null,
                  "code": "const res = await chai.request(app).get(\"/subscribers\");\nexpect(res).to.have.status(200);\nexpect(res.body).to.be.an(\"array\");\nexpect(res.body).to.have.lengthOf.at.least(1);\nexpect(res.body[0]).to.have.property(\"_id\").that.is.a(\"string\");\nexpect(res.body[0]).to.have.property(\"name\").that.is.a(\"string\");\nexpect(res.body[0])\n  .to.have.property(\"subscribedChannel\")\n  .that.is.a(\"string\");\nexpect(res.body[0])\n  .to.have.property(\"subscribedDate\")\n  .that.is.a(\"string\")\n  .and.matches(/\\d{4}-\\d{2}-\\d{2}T\\d{2}:\\d{2}:\\d{2}.\\d{3}Z/);",
                  "err": {},
                  "uuid": "4e4ef34a-5614-450f-9c60-2e0f01a47e42",
                  "parentUUID": "ad544e68-c62d-4542-85da-c65c96db5f36",
                  "isHook": false,
                  "skipped": false
                }
              ],
              "suites": [],
              "passes": [
                "4e4ef34a-5614-450f-9c60-2e0f01a47e42"
              ],
              "failures": [],
              "pending": [],
              "skipped": [],
              "duration": 92,
              "root": false,
              "rootEmpty": false,
              "_timeout": 60000
            },
            {
              "uuid": "0105bd72-5d48-4e0b-b52d-d986a7d64dc8",
              "title": "GET /subscribers/names",
              "fullFile": "F:\\vivek\\youtube-subscriber\\__tests__\\subscriber.test.js",
              "file": "\\__tests__\\subscriber.test.js",
              "beforeHooks": [],
              "afterHooks": [],
              "tests": [
                {
                  "title": "should return subscriber names and channels",
                  "fullTitle": "Subscribers API Tests GET /subscribers/names should return subscriber names and channels",
                  "timedOut": false,
                  "duration": 16,
                  "state": "passed",
                  "speed": "fast",
                  "pass": true,
                  "fail": false,
                  "pending": false,
                  "context": null,
                  "code": "const res = await chai.request(app).get(\"/subscribers/names\");\nexpect(res).to.have.status(200);\nexpect(res.body).to.be.an(\"array\");\nexpect(res.body).to.have.lengthOf.at.least(1);\nexpect(res.body[0]).to.have.property(\"name\").that.is.a(\"string\");\nexpect(res.body[0])\n  .to.have.property(\"subscribedChannel\")\n  .that.is.a(\"string\");",
                  "err": {},
                  "uuid": "bde90615-64eb-4e88-b5b6-29172e94a9bb",
                  "parentUUID": "0105bd72-5d48-4e0b-b52d-d986a7d64dc8",
                  "isHook": false,
                  "skipped": false
                }
              ],
              "suites": [],
              "passes": [
                "bde90615-64eb-4e88-b5b6-29172e94a9bb"
              ],
              "failures": [],
              "pending": [],
              "skipped": [],
              "duration": 16,
              "root": false,
              "rootEmpty": false,
              "_timeout": 60000
            },
            {
              "uuid": "9b76af36-388f-41f9-b514-a0b3323b966c",
              "title": "GET /subscribers/{id}",
              "fullFile": "F:\\vivek\\youtube-subscriber\\__tests__\\subscriber.test.js",
              "file": "\\__tests__\\subscriber.test.js",
              "beforeHooks": [],
              "afterHooks": [],
              "tests": [
                {
                  "title": "should return a single subscriber by ID",
                  "fullTitle": "Subscribers API Tests GET /subscribers/{id} should return a single subscriber by ID",
                  "timedOut": false,
                  "duration": 19,
                  "state": "passed",
                  "speed": "fast",
                  "pass": true,
                  "fail": false,
                  "pending": false,
                  "context": null,
                  "code": "const subscriberId = \"664d7fcb247d94b0293576cb\";\nconst res = await chai.request(app).get(`/subscribers/${subscriberId}`);\nexpect(res).to.have.status(200);\nexpect(res.body).to.be.an(\"object\");\nexpect(res.body).to.have.property(\"_id\", subscriberId);\nexpect(res.body).to.have.property(\"name\").that.is.a(\"string\");\nexpect(res.body)\n  .to.have.property(\"subscribedChannel\")\n  .that.is.a(\"string\");\nexpect(res.body)\n  .to.have.property(\"subscribedDate\")\n  .that.is.a(\"string\")\n  .and.matches(/\\d{4}-\\d{2}-\\d{2}T\\d{2}:\\d{2}:\\d{2}.\\d{3}Z/);",
                  "err": {},
                  "uuid": "1aaebe25-2128-48ee-b545-33031306699f",
                  "parentUUID": "9b76af36-388f-41f9-b514-a0b3323b966c",
                  "isHook": false,
                  "skipped": false
                }
              ],
              "suites": [],
              "passes": [
                "1aaebe25-2128-48ee-b545-33031306699f"
              ],
              "failures": [],
              "pending": [],
              "skipped": [],
              "duration": 19,
              "root": false,
              "rootEmpty": false,
              "_timeout": 60000
            }
          ],
          "passes": [],
          "failures": [],
          "pending": [],
          "skipped": [],
          "duration": 0,
          "root": false,
          "rootEmpty": false,
          "_timeout": 60000
        }
      ],
      "passes": [],
      "failures": [],
      "pending": [],
      "skipped": [],
      "duration": 0,
      "root": true,
      "rootEmpty": true,
      "_timeout": 60000
    }
  ],
  "meta": {
    "mocha": {
      "version": "10.4.0"
    },
    "mochawesome": {
      "options": {
        "quiet": false,
        "reportFilename": "mochawesome",
        "saveHtml": true,
        "saveJson": true,
        "consoleReporter": "spec",
        "useInlineDiffs": false,
        "code": true
      },
      "version": "7.1.3"
    },
    "marge": {
      "options": null,
      "version": "6.2.0"
    }
  }
}